[   282.567] Warning: VGA arbiter: cannot open kernel arbiter, no multi-card support
[   282.536] Warning: The directory "/usr/share/fonts/X11/cyrillic" does not exist.
[   282.536] Warning: The directory "/usr/share/fonts/X11/75dpi/" does not exist.
[   282.536] Warning: The directory "/usr/share/fonts/X11/75dpi" does not exist.
[   282.536] Warning: The directory "/usr/share/fonts/X11/100dpi/" does not exist.
[   282.536] Warning: The directory "/usr/share/fonts/X11/100dpi" does not exist.
[   282.567] Warning: Falling back to old probe method for fbdev
[238216.825] Information: modeset(0): Printing DDC gathered Modelines:
[223130.612] Information: modeset(0): Printing DDC gathered Modelines:
[219753.201] Information: modeset(0): Printing DDC gathered Modelines:
[219724.754] Information: modeset(0): Printing DDC gathered Modelines:
[219497.801] Information: modeset(0): Printing DDC gathered Modelines:
[219369.603] Information: modeset(0): Printing DDC gathered Modelines:
[219290.614] Information: modeset(0): Printing DDC gathered Modelines:
[218816.283] Information: modeset(0): Printing DDC gathered Modelines:
[218751.671] Information: modeset(0): Printing DDC gathered Modelines:
[147277.843] Information: modeset(0): Printing DDC gathered Modelines:
[147211.678] Information: modeset(0): Printing DDC gathered Modelines:
[147132.718] Information: modeset(0): Printing DDC gathered Modelines:
[147058.141] Information: modeset(0): Printing DDC gathered Modelines:
[146922.858] Information: modeset(0): Printing DDC gathered Modelines:
[129763.049] Information: modeset(0): Printing DDC gathered Modelines:
[108708.503] Information: modeset(0): Printing DDC gathered Modelines:
[105999.657] Information: modeset(0): Printing DDC gathered Modelines:
[105543.191] Information: modeset(0): Printing DDC gathered Modelines:
[105542.975] Information: modeset(0): Printing DDC gathered Modelines:
[101712.281] Information: modeset(0): Printing DDC gathered Modelines:
[100806.592] Information: modeset(0): Printing DDC gathered Modelines:
[100127.064] Information: modeset(0): Printing DDC gathered Modelines:
[238216.825] Information: modeset(0): Modeline "1920x1080"x0.0  138.50  1920 1968 2000 2080  1080 1083 1088 1111 -hsync -vsync (66.6 kHz eP)
[223130.612] Information: modeset(0): Modeline "1920x1080"x0.0  138.50  1920 1968 2000 2080  1080 1083 1088 1111 -hsync -vsync (66.6 kHz eP)
[219753.201] Information: modeset(0): Modeline "1920x1080"x0.0  138.50  1920 1968 2000 2080  1080 1083 1088 1111 -hsync -vsync (66.6 kHz eP)
[219724.754] Information: modeset(0): Modeline "1920x1080"x0.0  138.50  1920 1968 2000 2080  1080 1083 1088 1111 -hsync -vsync (66.6 kHz eP)
[219497.801] Information: modeset(0): Modeline "1920x1080"x0.0  138.50  1920 1968 2000 2080  1080 1083 1088 1111 -hsync -vsync (66.6 kHz eP)
[219369.603] Information: modeset(0): Modeline "1920x1080"x0.0  138.50  1920 1968 2000 2080  1080 1083 1088 1111 -hsync -vsync (66.6 kHz eP)
[219290.614] Information: modeset(0): Modeline "1920x1080"x0.0  138.50  1920 1968 2000 2080  1080 1083 1088 1111 -hsync -vsync (66.6 kHz eP)
[218816.283] Information: modeset(0): Modeline "1920x1080"x0.0  138.50  1920 1968 2000 2080  1080 1083 1088 1111 -hsync -vsync (66.6 kHz eP)
[218751.671] Information: modeset(0): Modeline "1920x1080"x0.0  138.50  1920 1968 2000 2080  1080 1083 1088 1111 -hsync -vsync (66.6 kHz eP)
[147277.843] Information: modeset(0): Modeline "1920x1080"x0.0  138.50  1920 1968 2000 2080  1080 1083 1088 1111 -hsync -vsync (66.6 kHz eP)
[147211.678] Information: modeset(0): Modeline "1920x1080"x0.0  138.50  1920 1968 2000 2080  1080 1083 1088 1111 -hsync -vsync (66.6 kHz eP)
[147132.718] Information: modeset(0): Modeline "1920x1080"x0.0  138.50  1920 1968 2000 2080  1080 1083 1088 1111 -hsync -vsync (66.6 kHz eP)
[147058.141] Information: modeset(0): Modeline "1920x1080"x0.0  138.50  1920 1968 2000 2080  1080 1083 1088 1111 -hsync -vsync (66.6 kHz eP)
[146922.858] Information: modeset(0): Modeline "1920x1080"x0.0  138.50  1920 1968 2000 2080  1080 1083 1088 1111 -hsync -vsync (66.6 kHz eP)
[129763.049] Information: modeset(0): Modeline "1920x1080"x0.0  138.50  1920 1968 2000 2080  1080 1083 1088 1111 -hsync -vsync (66.6 kHz eP)
[108708.503] Information: modeset(0): Modeline "1920x1080"x0.0  138.50  1920 1968 2000 2080  1080 1083 1088 1111 -hsync -vsync (66.6 kHz eP)
[105999.657] Information: modeset(0): Modeline "1920x1080"x0.0  138.50  1920 1968 2000 2080  1080 1083 1088 1111 -hsync -vsync (66.6 kHz eP)
[105543.191] Information: modeset(0): Modeline "1920x1080"x0.0  138.50  1920 1968 2000 2080  1080 1083 1088 1111 -hsync -vsync (66.6 kHz eP)
[105542.975] Information: modeset(0): Modeline "1920x1080"x0.0  138.50  1920 1968 2000 2080  1080 1083 1088 1111 -hsync -vsync (66.6 kHz eP)
[101712.281] Information: modeset(0): Modeline "1920x1080"x0.0  138.50  1920 1968 2000 2080  1080 1083 1088 1111 -hsync -vsync (66.6 kHz eP)
[100806.592] Information: modeset(0): Modeline "1920x1080"x0.0  138.50  1920 1968 2000 2080  1080 1083 1088 1111 -hsync -vsync (66.6 kHz eP)
[100127.064] Information: modeset(0): Modeline "1920x1080"x0.0  138.50  1920 1968 2000 2080  1080 1083 1088 1111 -hsync -vsync (66.6 kHz eP)
[238216.825] Information: modeset(0): EDID vendor "SHP", prod id 5191
[223130.612] Information: modeset(0): EDID vendor "SHP", prod id 5191
[219753.201] Information: modeset(0): EDID vendor "SHP", prod id 5191
[219724.754] Information: modeset(0): EDID vendor "SHP", prod id 5191
[219497.801] Information: modeset(0): EDID vendor "SHP", prod id 5191
[219369.603] Information: modeset(0): EDID vendor "SHP", prod id 5191
[219290.612] Information: modeset(0): EDID vendor "SHP", prod id 5191
[218816.283] Information: modeset(0): EDID vendor "SHP", prod id 5191
[218751.671] Information: modeset(0): EDID vendor "SHP", prod id 5191
[147277.843] Information: modeset(0): EDID vendor "SHP", prod id 5191
[147211.678] Information: modeset(0): EDID vendor "SHP", prod id 5191
[147132.712] Information: modeset(0): EDID vendor "SHP", prod id 5191
[147058.141] Information: modeset(0): EDID vendor "SHP", prod id 5191
[146922.858] Information: modeset(0): EDID vendor "SHP", prod id 5191
[129763.049] Information: modeset(0): EDID vendor "SHP", prod id 5191
[108708.503] Information: modeset(0): EDID vendor "SHP", prod id 5191
[105999.657] Information: modeset(0): EDID vendor "SHP", prod id 5191
[105543.191] Information: modeset(0): EDID vendor "SHP", prod id 5191
[105542.975] Information: modeset(0): EDID vendor "SHP", prod id 5191
[101712.281] Information: modeset(0): EDID vendor "SHP", prod id 5191
[100806.591] Information: modeset(0): EDID vendor "SHP", prod id 5191
[100127.064] Information: modeset(0): EDID vendor "SHP", prod id 5191
[   283.188] Information: XINPUT: Adding extended input device "XiaoMi USB 2.0 Webcam: XiaoMi U" (type: KEYBOARD, id 10)
[   283.181] Information: XINPUT: Adding extended input device "Video Bus" (type: KEYBOARD, id 8)
[   283.177] Information: XINPUT: Adding extended input device "Video Bus" (type: KEYBOARD, id 7)
[   283.184] Information: XINPUT: Adding extended input device "Sleep Button" (type: KEYBOARD, id 9)
[   283.156] Information: XINPUT: Adding extended input device "Power Button" (type: KEYBOARD, id 6)
[   283.208] Information: XINPUT: Adding extended input device "HP Wireless hotkeys" (type: KEYBOARD, id 13)
[   283.194] Information: XINPUT: Adding extended input device "ELAN2301:00 04F3:306B Touchpad" (type: TOUCHPAD, id 11)
[   283.211] Information: XINPUT: Adding extended input device "Dell AIO WMI hotkeys" (type: KEYBOARD, id 14)
[   283.204] Information: XINPUT: Adding extended input device "AT Translated Set 2 keyboard" (type: KEYBOARD, id 12)
[   283.198] Information: xfree86: Adding drm device (/dev/dri/card1)
[   282.551] Information: xfree86: Adding drm device (/dev/dri/card1)
[   282.548] Information: xfree86: Adding drm device (/dev/dri/card0)
[   282.566] Information: VESA: driver for VESA chipsets: vesa
[   283.186] Information: Using input driver 'libinput' for 'XiaoMi USB 2.0 Webcam: XiaoMi U'
[   283.179] Information: Using input driver 'libinput' for 'Video Bus'
[   283.176] Information: Using input driver 'libinput' for 'Video Bus'
[   283.183] Information: Using input driver 'libinput' for 'Sleep Button'
[   283.153] Information: Using input driver 'libinput' for 'Power Button'
[   283.207] Information: Using input driver 'libinput' for 'HP Wireless hotkeys'
[   283.190] Information: Using input driver 'libinput' for 'ELAN2301:00 04F3:306B Touchpad'
[   283.210] Information: Using input driver 'libinput' for 'Dell AIO WMI hotkeys'
[   283.202] Information: Using input driver 'libinput' for 'AT Translated Set 2 keyboard'
[   283.006] Information: UnloadSubModule: "fbdevhw"
[   283.006] Information: UnloadModule: "vesa"
[   283.006] Information: UnloadModule: "fbdev"
[   283.006] Information: Unloading vesa
[   283.006] Information: Unloading fbdevhw
[   283.006] Information: Unloading fbdev
[   283.201] Information: This device may have been added with another device file.
[   283.201] Information: This device may have been added with another device file.
[   283.200] Information: This device may have been added with another device file.
[   283.200] Information: This device may have been added with another device file.
[   283.200] Information: This device may have been added with another device file.
[   283.199] Information: This device may have been added with another device file.
[   283.198] Information: This device may have been added with another device file.
[   283.182] Information: This device may have been added with another device file.
[   282.536] Information: The server relies on udev to provide the list of input devices.
[   282.546] Information: systemd-logind: took control of session /org/freedesktop/login1/session/_32
[   283.180] Information: systemd-logind: got fd for /dev/input/event9 13:73 fd 25 paused 0
[   283.176] Information: systemd-logind: got fd for /dev/input/event8 13:72 fd 24 paused 0
[   283.191] Information: systemd-logind: got fd for /dev/input/event7 13:71 fd 28 paused 0
[   283.208] Information: systemd-logind: got fd for /dev/input/event6 13:70 fd 30 paused 0
[   283.187] Information: systemd-logind: got fd for /dev/input/event5 13:69 fd 27 paused 0
[   283.210] Information: systemd-logind: got fd for /dev/input/event4 13:68 fd 31 paused 0
[   283.202] Information: systemd-logind: got fd for /dev/input/event3 13:67 fd 29 paused 0
[   283.154] Information: systemd-logind: got fd for /dev/input/event2 13:66 fd 21 paused 0
[   283.183] Information: systemd-logind: got fd for /dev/input/event1 13:65 fd 26 paused 0
[   282.550] Information: systemd-logind: got fd for /dev/dri/card0 226:0 fd 12 paused 0
[   283.094] Information: SELinux: Disabled on system
[   283.201] Information: No input driver specified, ignoring this device.
[   283.201] Information: No input driver specified, ignoring this device.
[   283.200] Information: No input driver specified, ignoring this device.
[   283.200] Information: No input driver specified, ignoring this device.
[   283.200] Information: No input driver specified, ignoring this device.
[   283.199] Information: No input driver specified, ignoring this device.
[   283.198] Information: No input driver specified, ignoring this device.
[   283.182] Information: No input driver specified, ignoring this device.
[   282.566] Information: Module vesa: vendor="X.Org Foundation"
[   282.565] Information: Module modesetting: vendor="X.Org Foundation"
[   283.153] Information: Module libinput: vendor="X.Org Foundation"
[   282.563] Information: Module glx: vendor="X.Org Foundation"
[   282.575] Information: Module glamoregl: vendor="X.Org Foundation"
[   283.006] Information: Module fb: vendor="X.Org Foundation"
[   282.565] Information: Module fbdev: vendor="X.Org Foundation"
[   282.567] Information: Module fbdevhw: vendor="X.Org Foundation"
[   282.536] Information: Module ABI versions:
[   282.566] Information: modesetting: Driver for Modesetting Kernel Drivers: kms
[   282.801] Information: modeset(0): Year: 2015  Week: 45
[   282.801] Information: modeset(0): v_active: 1080  v_sync: 1083  v_sync_end 1088 v_blanking: 1111 v_border: 0
[   283.003] Information: modeset(0): Using exact sizes for initial modes
[   282.567] Information: modeset(0): using drv /dev/dri/card0
[   282.801] Information: modeset(0): Supported detailed timing:
[   282.801] Information: modeset(0): Supported color encodings: RGB 4:4:4 
[   283.115] Information: modeset(0): Setting screen physical size to 508 x 285
[   282.801] Information: modeset(0): redX: 0.640 redY: 0.329   greenX: 0.300 greenY: 0.600
[   282.802] Information: modeset(0): Printing probed modes for output eDP-1
[ 60427.269] Information: modeset(0): Printing DDC gathered Modelines:
[ 59522.845] Information: modeset(0): Printing DDC gathered Modelines:
[ 59298.709] Information: modeset(0): Printing DDC gathered Modelines:
[ 58391.585] Information: modeset(0): Printing DDC gathered Modelines:
[ 39698.332] Information: modeset(0): Printing DDC gathered Modelines:
[   284.895] Information: modeset(0): Printing DDC gathered Modelines:
[ 21267.363] Information: modeset(0): Printing DDC gathered Modelines:
[ 20354.680] Information: modeset(0): Printing DDC gathered Modelines:
[ 17099.335] Information: modeset(0): Printing DDC gathered Modelines:
[ 17005.884] Information: modeset(0): Printing DDC gathered Modelines:
[ 16987.651] Information: modeset(0): Printing DDC gathered Modelines:
[ 13589.328] Information: modeset(0): Printing DDC gathered Modelines:
[ 13565.403] Information: modeset(0): Printing DDC gathered Modelines:
[ 13535.449] Information: modeset(0): Printing DDC gathered Modelines:
[ 13470.690] Information: modeset(0): Printing DDC gathered Modelines:
[ 13413.818] Information: modeset(0): Printing DDC gathered Modelines:
[ 12339.582] Information: modeset(0): Printing DDC gathered Modelines:
[ 12323.009] Information: modeset(0): Printing DDC gathered Modelines:
[ 12262.463] Information: modeset(0): Printing DDC gathered Modelines:
[ 12256.399] Information: modeset(0): Printing DDC gathered Modelines:
[   282.801] Information: modeset(0): Preferred mode is native pixel format and refresh rate
[   282.799] Information: modeset(0): Output HDMI-2 has no monitor section
[   283.003] Information: modeset(0): Output HDMI-2 disconnected
[   282.795] Information: modeset(0): Output HDMI-1 has no monitor section
[   283.003] Information: modeset(0): Output HDMI-1 disconnected
[   283.003] Information: modeset(0): Output eDP-1 using initial mode 1920x1080 +0+0
[   282.603] Information: modeset(0): Output eDP-1 has no monitor section
[   283.003] Information: modeset(0): Output eDP-1 connected
[   282.603] Information: modeset(0): Output DP-1 has no monitor section
[   283.003] Information: modeset(0): Output DP-1 disconnected
[   282.801] Information: modeset(0): No DPMS capabilities specified
[   282.802] Information: modeset(0): Modeline "960x720"x120.0  117.00  960 1024 1128 1300  720 720 722 750 doublescan -hsync +vsync (90.0 kHz d)
[   282.802] Information: modeset(0): Modeline "960x600"x120.0   77.00  960 984 1000 1040  600 601 604 617 doublescan +hsync -vsync (74.0 kHz d)
[   282.802] Information: modeset(0): Modeline "960x600"x119.9   96.62  960 1028 1128 1296  600 601 604 622 doublescan -hsync +vsync (74.6 kHz d)
[   282.802] Information: modeset(0): Modeline "960x540"x59.8   37.25  960 1008 1040 1120  540 543 548 556 +hsync -vsync (33.3 kHz d)
[   282.802] Information: modeset(0): Modeline "960x540"x59.6   40.75  960 992 1088 1216  540 543 548 562 -hsync +vsync (33.5 kHz d)
[   282.802] Information: modeset(0): Modeline "960x540"x120.0   69.25  960 984 1000 1040  540 541 544 555 doublescan +hsync -vsync (66.6 kHz d)
[   282.802] Information: modeset(0): Modeline "960x540"x119.9   86.50  960 1024 1124 1288  540 541 544 560 doublescan -hsync +vsync (67.2 kHz d)
[   282.802] Information: modeset(0): Modeline "928x696"x120.1  109.15  928 976 1088 1264  696 696 698 719 doublescan -hsync +vsync (86.4 kHz d)
[   282.802] Information: modeset(0): Modeline "896x672"x120.0  102.40  896 960 1060 1224  672 672 674 697 doublescan -hsync +vsync (83.7 kHz d)
[   282.802] Information: modeset(0): Modeline "864x486"x59.9   32.50  864 888 968 1072  486 489 494 506 -hsync +vsync (30.3 kHz d)
[   282.802] Information: modeset(0): Modeline "864x486"x59.6   30.50  864 912 944 1024  486 489 494 500 +hsync -vsync (29.8 kHz d)
[   282.802] Information: modeset(0): Modeline "840x525"x120.0   73.12  840 892 980 1120  525 526 529 544 doublescan -hsync +vsync (65.3 kHz d)
[   282.802] Information: modeset(0): Modeline "840x525"x119.8   59.50  840 864 880 920  525 526 529 540 doublescan +hsync -vsync (64.7 kHz d)
[   282.802] Information: modeset(0): Modeline "800x600"x60.3   40.00  800 840 968 1056  600 601 605 628 +hsync +vsync (37.9 kHz d)
[   282.802] Information: modeset(0): Modeline "800x600"x56.2   36.00  800 824 896 1024  600 601 603 625 +hsync +vsync (35.2 kHz d)
[   282.802] Information: modeset(0): Modeline "800x600"x120.0   81.00  800 832 928 1080  600 600 602 625 doublescan +hsync +vsync (75.0 kHz d)
[   282.802] Information: modeset(0): Modeline "800x512"x120.3   51.56  800 800 828 832  512 512 514 515 doublescan +hsync +vsync (62.0 kHz d)
[   282.802] Information: modeset(0): Modeline "800x450"x119.9   59.12  800 848 928 1056  450 451 454 467 doublescan -hsync +vsync (56.0 kHz d)
[   282.802] Information: modeset(0): Modeline "800x450"x119.6   48.75  800 824 840 880  450 451 454 463 doublescan +hsync -vsync (55.4 kHz d)
[   282.802] Information: modeset(0): Modeline "720x450"x119.8   53.25  720 760 836 952  450 451 454 467 doublescan -hsync +vsync (55.9 kHz d)
[   282.802] Information: modeset(0): Modeline "720x405"x59.5   22.50  720 744 808 896  405 408 413 422 -hsync +vsync (25.1 kHz d)
[   282.802] Information: modeset(0): Modeline "720x405"x59.0   21.75  720 768 800 880  405 408 413 419 +hsync -vsync (24.7 kHz d)
[   282.802] Information: modeset(0): Modeline "700x525"x120.0   61.00  700 744 820 940  525 526 532 541 doublescan +hsync +vsync (64.9 kHz d)
[   282.802] Information: modeset(0): Modeline "700x450"x119.9   51.75  700 740 812 924  450 451 456 467 doublescan -hsync +vsync (56.0 kHz d)
[   282.802] Information: modeset(0): Modeline "700x450"x119.8   43.25  700 724 740 780  450 451 456 463 doublescan +hsync -vsync (55.4 kHz d)
[   282.802] Information: modeset(0): Modeline "684x384"x119.8   42.62  684 720 788 892  384 385 390 399 doublescan -hsync +vsync (47.8 kHz d)
[   282.802] Information: modeset(0): Modeline "684x384"x119.7   36.12  684 708 724 764  384 385 390 395 doublescan +hsync -vsync (47.3 kHz d)
[   282.803] Information: modeset(0): Modeline "680x384"x119.9   36.00  680 704 720 760  384 385 390 395 doublescan +hsync -vsync (47.4 kHz d)
[   282.803] Information: modeset(0): Modeline "680x384"x119.6   42.38  680 716 784 888  384 385 390 399 doublescan -hsync +vsync (47.7 kHz d)
[   282.802] Information: modeset(0): Modeline "640x512"x120.0   54.00  640 664 720 844  512 512 514 533 doublescan +hsync +vsync (64.0 kHz d)
[   282.802] Information: modeset(0): Modeline "640x480"x59.9   25.18  640 656 752 800  480 490 492 525 -hsync -vsync (31.5 kHz d)
[   282.802] Information: modeset(0): Modeline "640x480"x120.0   54.00  640 688 744 900  480 480 482 500 doublescan +hsync +vsync (60.0 kHz d)
[   282.803] Information: modeset(0): Modeline "640x400"x120.0   35.50  640 664 680 720  400 401 404 411 doublescan +hsync -vsync (49.3 kHz d)
[   282.803] Information: modeset(0): Modeline "640x400"x119.8   41.75  640 676 740 840  400 401 404 415 doublescan -hsync +vsync (49.7 kHz d)
[   282.803] Information: modeset(0): Modeline "640x360"x59.8   18.00  640 664 720 800  360 363 368 376 -hsync +vsync (22.5 kHz d)
[   282.803] Information: modeset(0): Modeline "640x360"x59.3   17.75  640 688 720 800  360 363 368 374 +hsync -vsync (22.2 kHz d)
[   282.803] Information: modeset(0): Modeline "640x360"x119.7   37.25  640 672 736 832  360 361 364 374 doublescan -hsync +vsync (44.8 kHz d)
[   282.803] Information: modeset(0): Modeline "640x360"x119.7   31.88  640 664 680 720  360 361 364 370 doublescan +hsync -vsync (44.3 kHz d)
[   282.803] Information: modeset(0): Modeline "576x432"x120.1   40.81  576 608 668 760  432 432 434 447 doublescan -hsync +vsync (53.7 kHz d)
[   282.803] Information: modeset(0): Modeline "512x384"x120.0   32.50  512 524 592 672  384 385 388 403 doublescan -hsync -vsync (48.4 kHz d)
[   282.803] Information: modeset(0): Modeline "512x288"x120.0   23.25  512 532 580 648  288 289 292 299 doublescan -hsync +vsync (35.9 kHz d)
[   282.803] Information: modeset(0): Modeline "512x288"x119.8   21.00  512 536 552 592  288 289 292 296 doublescan +hsync -vsync (35.5 kHz d)
[   282.803] Information: modeset(0): Modeline "480x270"x119.6   18.62  480 504 520 560  270 271 274 278 doublescan +hsync -vsync (33.3 kHz d)
[   282.803] Information: modeset(0): Modeline "480x270"x119.3   20.38  480 496 544 608  270 271 274 281 doublescan -hsync +vsync (33.5 kHz d)
[   282.803] Information: modeset(0): Modeline "432x243"x119.8   16.25  432 444 484 536  243 244 247 253 doublescan -hsync +vsync (30.3 kHz d)
[   282.803] Information: modeset(0): Modeline "432x243"x119.1   15.25  432 456 472 512  243 244 247 250 doublescan +hsync -vsync (29.8 kHz d)
[   282.803] Information: modeset(0): Modeline "400x300"x120.6   20.00  400 420 484 528  300 300 302 314 doublescan +hsync +vsync (37.9 kHz d)
[   282.803] Information: modeset(0): Modeline "400x300"x112.7   18.00  400 412 448 512  300 300 301 312 doublescan +hsync +vsync (35.2 kHz d)
[   282.803] Information: modeset(0): Modeline "360x202"x119.0   11.25  360 372 404 448  202 204 206 211 doublescan -hsync +vsync (25.1 kHz d)
[   282.803] Information: modeset(0): Modeline "360x202"x118.3   10.88  360 384 400 440  202 204 206 209 doublescan +hsync -vsync (24.7 kHz d)
[   282.803] Information: modeset(0): Modeline "320x240"x120.1   12.59  320 328 376 400  240 245 246 262 doublescan -hsync -vsync (31.5 kHz d)
[   282.803] Information: modeset(0): Modeline "320x180"x119.7    9.00  320 332 360 400  180 181 184 188 doublescan -hsync +vsync (22.5 kHz d)
[   282.803] Information: modeset(0): Modeline "320x180"x118.6    8.88  320 344 360 400  180 181 184 187 doublescan +hsync -vsync (22.2 kHz d)
[   282.802] Information: modeset(0): Modeline "1920x1080"x59.9  138.50  1920 1968 2000 2080  1080 1083 1088 1111 -hsync -vsync (66.6 kHz eP)
[ 60427.269] Information: modeset(0): Modeline "1920x1080"x0.0  138.50  1920 1968 2000 2080  1080 1083 1088 1111 -hsync -vsync (66.6 kHz eP)
[ 59522.845] Information: modeset(0): Modeline "1920x1080"x0.0  138.50  1920 1968 2000 2080  1080 1083 1088 1111 -hsync -vsync (66.6 kHz eP)
[ 59298.709] Information: modeset(0): Modeline "1920x1080"x0.0  138.50  1920 1968 2000 2080  1080 1083 1088 1111 -hsync -vsync (66.6 kHz eP)
[ 58391.585] Information: modeset(0): Modeline "1920x1080"x0.0  138.50  1920 1968 2000 2080  1080 1083 1088 1111 -hsync -vsync (66.6 kHz eP)
[ 39698.332] Information: modeset(0): Modeline "1920x1080"x0.0  138.50  1920 1968 2000 2080  1080 1083 1088 1111 -hsync -vsync (66.6 kHz eP)
[   284.895] Information: modeset(0): Modeline "1920x1080"x0.0  138.50  1920 1968 2000 2080  1080 1083 1088 1111 -hsync -vsync (66.6 kHz eP)
[ 21267.363] Information: modeset(0): Modeline "1920x1080"x0.0  138.50  1920 1968 2000 2080  1080 1083 1088 1111 -hsync -vsync (66.6 kHz eP)
[ 20354.681] Information: modeset(0): Modeline "1920x1080"x0.0  138.50  1920 1968 2000 2080  1080 1083 1088 1111 -hsync -vsync (66.6 kHz eP)
[ 17099.335] Information: modeset(0): Modeline "1920x1080"x0.0  138.50  1920 1968 2000 2080  1080 1083 1088 1111 -hsync -vsync (66.6 kHz eP)
[ 17005.884] Information: modeset(0): Modeline "1920x1080"x0.0  138.50  1920 1968 2000 2080  1080 1083 1088 1111 -hsync -vsync (66.6 kHz eP)
[ 16987.651] Information: modeset(0): Modeline "1920x1080"x0.0  138.50  1920 1968 2000 2080  1080 1083 1088 1111 -hsync -vsync (66.6 kHz eP)
[ 13589.328] Information: modeset(0): Modeline "1920x1080"x0.0  138.50  1920 1968 2000 2080  1080 1083 1088 1111 -hsync -vsync (66.6 kHz eP)
[ 13565.403] Information: modeset(0): Modeline "1920x1080"x0.0  138.50  1920 1968 2000 2080  1080 1083 1088 1111 -hsync -vsync (66.6 kHz eP)
[ 13535.449] Information: modeset(0): Modeline "1920x1080"x0.0  138.50  1920 1968 2000 2080  1080 1083 1088 1111 -hsync -vsync (66.6 kHz eP)
[ 13470.690] Information: modeset(0): Modeline "1920x1080"x0.0  138.50  1920 1968 2000 2080  1080 1083 1088 1111 -hsync -vsync (66.6 kHz eP)
[ 13413.818] Information: modeset(0): Modeline "1920x1080"x0.0  138.50  1920 1968 2000 2080  1080 1083 1088 1111 -hsync -vsync (66.6 kHz eP)
[ 12339.582] Information: modeset(0): Modeline "1920x1080"x0.0  138.50  1920 1968 2000 2080  1080 1083 1088 1111 -hsync -vsync (66.6 kHz eP)
[ 12323.009] Information: modeset(0): Modeline "1920x1080"x0.0  138.50  1920 1968 2000 2080  1080 1083 1088 1111 -hsync -vsync (66.6 kHz eP)
[ 12262.463] Information: modeset(0): Modeline "1920x1080"x0.0  138.50  1920 1968 2000 2080  1080 1083 1088 1111 -hsync -vsync (66.6 kHz eP)
[ 12256.399] Information: modeset(0): Modeline "1920x1080"x0.0  138.50  1920 1968 2000 2080  1080 1083 1088 1111 -hsync -vsync (66.6 kHz eP)
[   282.802] Information: modeset(0): Modeline "1680x1050"x60.0  146.25  1680 1784 1960 2240  1050 1053 1059 1089 -hsync +vsync (65.3 kHz d)
[   282.802] Information: modeset(0): Modeline "1680x1050"x59.9  119.00  1680 1728 1760 1840  1050 1053 1059 1080 +hsync -vsync (64.7 kHz d)
[   282.802] Information: modeset(0): Modeline "1600x900"x59.9  118.25  1600 1696 1856 2112  900 903 908 934 -hsync +vsync (56.0 kHz d)
[   282.802] Information: modeset(0): Modeline "1600x900"x59.8   97.50  1600 1648 1680 1760  900 903 908 926 +hsync -vsync (55.4 kHz d)
[   282.802] Information: modeset(0): Modeline "1600x900"x120.0  246.00  1600 1728 1900 2200  900 901 904 932 doublescan -hsync +vsync (111.8 kHz d)
[   282.802] Information: modeset(0): Modeline "1600x900"x119.9  186.50  1600 1624 1640 1680  900 901 904 926 doublescan +hsync -vsync (111.0 kHz d)
[   282.802] Information: modeset(0): Modeline "1600x1024"x60.2  103.12  1600 1600 1656 1664  1024 1024 1029 1030 +hsync +vsync (62.0 kHz d)
[   282.802] Information: modeset(0): Modeline "1440x900"x59.9  106.50  1440 1520 1672 1904  900 903 909 934 -hsync +vsync (55.9 kHz d)
[   282.802] Information: modeset(0): Modeline "1440x810"x120.0  198.12  1440 1548 1704 1968  810 811 814 839 doublescan -hsync +vsync (100.7 kHz d)
[   282.802] Information: modeset(0): Modeline "1440x810"x119.9  151.88  1440 1464 1480 1520  810 811 814 833 doublescan +hsync -vsync (99.9 kHz d)
[   282.802] Information: modeset(0): Modeline "1400x900"x60.0  103.50  1400 1480 1624 1848  900 903 913 934 -hsync +vsync (56.0 kHz d)
[   282.802] Information: modeset(0): Modeline "1400x900"x59.9   86.50  1400 1448 1480 1560  900 903 913 926 +hsync -vsync (55.4 kHz d)
[   282.802] Information: modeset(0): Modeline "1400x1050"x60.0  122.00  1400 1488 1640 1880  1050 1052 1064 1082 +hsync +vsync (64.9 kHz d)
[   282.802] Information: modeset(0): Modeline "1368x768"x59.9   85.25  1368 1440 1576 1784  768 771 781 798 -hsync +vsync (47.8 kHz d)
[   282.802] Information: modeset(0): Modeline "1368x768"x59.9   72.25  1368 1416 1448 1528  768 771 781 790 +hsync -vsync (47.3 kHz d)
[   282.802] Information: modeset(0): Modeline "1360x768"x60.0   72.00  1360 1408 1440 1520  768 771 781 790 +hsync -vsync (47.4 kHz d)
[   282.802] Information: modeset(0): Modeline "1360x768"x59.8   84.75  1360 1432 1568 1776  768 771 781 798 -hsync +vsync (47.7 kHz d)
[   282.802] Information: modeset(0): Modeline "1280x960"x60.0  108.00  1280 1376 1488 1800  960 961 964 1000 +hsync +vsync (60.0 kHz d)
[   282.802] Information: modeset(0): Modeline "1280x800"x59.9   71.00  1280 1328 1360 1440  800 803 809 823 +hsync -vsync (49.3 kHz d)
[   282.802] Information: modeset(0): Modeline "1280x800"x59.8   83.50  1280 1352 1480 1680  800 803 809 831 -hsync +vsync (49.7 kHz d)
[   282.802] Information: modeset(0): Modeline "1280x800"x120.0  174.25  1280 1380 1516 1752  800 801 804 829 doublescan -hsync +vsync (99.5 kHz d)
[   282.802] Information: modeset(0): Modeline "1280x800"x119.9  134.25  1280 1304 1320 1360  800 801 804 823 doublescan +hsync -vsync (98.7 kHz d)
[   282.802] Information: modeset(0): Modeline "1280x720"x59.9   74.50  1280 1344 1472 1664  720 723 728 748 -hsync +vsync (44.8 kHz d)
[   282.802] Information: modeset(0): Modeline "1280x720"x59.7   63.75  1280 1328 1360 1440  720 723 728 741 +hsync -vsync (44.3 kHz d)
[   282.802] Information: modeset(0): Modeline "1280x720"x120.0  156.12  1280 1376 1512 1744  720 721 724 746 doublescan -hsync +vsync (89.5 kHz d)
[   282.802] Information: modeset(0): Modeline "1280x720"x120.0  120.75  1280 1304 1320 1360  720 721 724 740 doublescan +hsync -vsync (88.8 kHz d)
[   282.802] Information: modeset(0): Modeline "1280x1024"x60.0  108.00  1280 1328 1440 1688  1024 1025 1028 1066 +hsync +vsync (64.0 kHz d)
[   282.802] Information: modeset(0): Modeline "1152x864"x60.0   81.62  1152 1216 1336 1520  864 865 868 895 -hsync +vsync (53.7 kHz d)
[   282.802] Information: modeset(0): Modeline "1024x768"x60.0   65.00  1024 1048 1184 1344  768 771 777 806 -hsync -vsync (48.4 kHz d)
[   282.802] Information: modeset(0): Modeline "1024x768"x120.1  133.47  1024 1100 1212 1400  768 768 770 794 doublescan -hsync +vsync (95.3 kHz d)
[   282.802] Information: modeset(0): Modeline "1024x576"x59.9   46.50  1024 1064 1160 1296  576 579 584 599 -hsync +vsync (35.9 kHz d)
[   282.802] Information: modeset(0): Modeline "1024x576"x59.8   42.00  1024 1072 1104 1184  576 579 584 593 +hsync -vsync (35.5 kHz d)
[   282.802] Information: modeset(0): Modeline "1024x576"x119.9   98.50  1024 1092 1200 1376  576 577 580 597 doublescan -hsync +vsync (71.6 kHz d)
[   282.802] Information: modeset(0): Modeline "1024x576"x119.9   78.38  1024 1048 1064 1104  576 577 580 592 doublescan +hsync -vsync (71.0 kHz d)
[   282.801] Information: modeset(0): Max Image Size [cm]: horiz.: 29  vert.: 17
[   282.801] Information: modeset(0): Manufacturer's mask: 0
[   282.801] Information: modeset(0): Manufacturer: SHP  Model: 1447  Serial#: 0
[   282.801] Information: modeset(0):  LQ133M1JW15
[   283.075] Information: modeset(0): Initializing kms color map for depth 24, 8 bpc.
[   282.801] Information: modeset(0): h_active: 1920  h_sync: 1968  h_sync_end 2000 h_blank_end 2080 h_border: 0
[   282.601] Information: modeset(0): glamor X acceleration enabled on Mesa DRI Intel(R) HD Graphics 620 (Kaby Lake GT2) 
[   282.601] Information: modeset(0): glamor initialized
[   282.801] Information: modeset(0): Gamma: 2.20
[   282.801] Information: modeset(0): First detailed timing is preferred mode
[   282.801] Information: modeset(0): EDID Version: 1.4
[ 60427.269] Information: modeset(0): EDID vendor "SHP", prod id 5191
[ 59522.845] Information: modeset(0): EDID vendor "SHP", prod id 5191
[ 59298.708] Information: modeset(0): EDID vendor "SHP", prod id 5191
[ 58391.585] Information: modeset(0): EDID vendor "SHP", prod id 5191
[ 39698.332] Information: modeset(0): EDID vendor "SHP", prod id 5191
[   284.895] Information: modeset(0): EDID vendor "SHP", prod id 5191
[ 21267.363] Information: modeset(0): EDID vendor "SHP", prod id 5191
[ 20354.680] Information: modeset(0): EDID vendor "SHP", prod id 5191
[ 17099.335] Information: modeset(0): EDID vendor "SHP", prod id 5191
[ 17005.884] Information: modeset(0): EDID vendor "SHP", prod id 5191
[ 16987.651] Information: modeset(0): EDID vendor "SHP", prod id 5191
[ 13589.328] Information: modeset(0): EDID vendor "SHP", prod id 5191
[ 13565.403] Information: modeset(0): EDID vendor "SHP", prod id 5191
[ 13535.449] Information: modeset(0): EDID vendor "SHP", prod id 5191
[ 13470.690] Information: modeset(0): EDID vendor "SHP", prod id 5191
[ 13413.818] Information: modeset(0): EDID vendor "SHP", prod id 5191
[ 12339.582] Information: modeset(0): EDID vendor "SHP", prod id 5191
[ 12323.009] Information: modeset(0): EDID vendor "SHP", prod id 5191
[ 12262.463] Information: modeset(0): EDID vendor "SHP", prod id 5191
[ 12256.399] Information: modeset(0): EDID vendor "SHP", prod id 5191
[   282.801] Information: modeset(0): EDID (in hex):
[   283.003] Information: modeset(0): EDID for output HDMI-2
[   282.999] Information: modeset(0): EDID for output HDMI-1
[   282.801] Information: modeset(0): EDID for output eDP-1
[   282.803] Information: modeset(0): EDID for output DP-1
[   283.078] Information: modeset(0): [DRI2]   VDPAU driver: i965
[   283.078] Information: modeset(0): [DRI2] Setup complete
[   283.078] Information: modeset(0): [DRI2]   DRI driver: i965
[   282.801] Information: modeset(0): Digital interface is DisplayPort
[   282.801] Information: modeset(0): Digital Display Input
[   282.801] Information: modeset(0): Default color space is primary color space
[   283.115] Information: modeset(0): Damage tracking initialized
[   282.568] Information: modeset(0): Creating default Display subsection in Screen section
[   282.801] Information: modeset(0): clock: 138.5 MHz   Image Size:  294 x 165 mm
[   282.801] Information: modeset(0): blueX: 0.149 blueY: 0.060   whiteX: 0.312 whiteY: 0.328
[   282.801] Information: modeset(0): 8 bits per channel
[   282.801] Information: modeset(0): 	350026a5100000180000001000000000
[   282.801] Information: modeset(0): 	2d190104a51d117806de50a3544c9926
[   282.801] Information: modeset(0): 	0f505400000001010101010101010101
[   282.801] Information: modeset(0): 	0101010101011a3680a070381f403020
[   282.801] Information: modeset(0): 	00ffffffffffff004d10471400000000
[   282.801] Information: modeset(0): 	004c513133334d314a5731350a2000cf
[   282.801] Information: modeset(0): 	00000000000000000000000000100000
[   282.801] Information: modeset(0): 	000000000000000000000000000000fe
[   282.565] Information: LoadModule: "vesa"
[   282.564] Information: LoadModule: "modesetting"
[   283.151] Information: LoadModule: "libinput"
[   282.560] Information: LoadModule: "glx"
[   282.568] Information: LoadModule: "glamoregl"
[   282.567] Information: LoadModule: "fbdevhw"
[   282.565] Information: LoadModule: "fbdev"
[   283.003] Information: LoadModule: "fb"
[   282.568] Information: Loading /usr/lib/xorg/modules/libglamoregl.so
[   283.003] Information: Loading /usr/lib/xorg/modules/libfb.so
[   282.567] Information: Loading /usr/lib/xorg/modules/libfbdevhw.so
[   283.151] Information: Loading /usr/lib/xorg/modules/input/libinput_drv.so
[   282.561] Information: Loading /usr/lib/xorg/modules/extensions/libglx.so
[   282.566] Information: Loading /usr/lib/xorg/modules/drivers/vesa_drv.so
[   282.564] Information: Loading /usr/lib/xorg/modules/drivers/modesetting_drv.so
[   282.565] Information: Loading /usr/lib/xorg/modules/drivers/fbdev_drv.so
[   282.568] Information: Loading sub module "glamoregl"
[   282.567] Information: Loading sub module "fbdevhw"
[   283.003] Information: Loading sub module "fb"
[   282.536] Information: Loader magic: 0x561a9f563020
[   283.094] Information: Initializing extension XVideo-MotionCompensation
[   283.093] Information: Initializing extension XVideo
[   283.082] Information: Initializing extension XTEST
[   283.093] Information: Initializing extension X-Resource
[   283.084] Information: Initializing extension XKEYBOARD
[   283.079] Information: Initializing extension XInputExtension
[   283.111] Information: Initializing extension XFree86-VidModeExtension
[   283.111] Information: Initializing extension XFree86-DRI
[   283.111] Information: Initializing extension XFree86-DGA
[   283.086] Information: Initializing extension XFIXES
[   283.085] Information: Initializing extension XC-MISC
[   283.084] Information: Initializing extension SYNC
[   283.078] Information: Initializing extension SHAPE
[   283.094] Information: Initializing extension SELinux
[   283.085] Information: Initializing extension SECURITY
[   283.087] Information: Initializing extension RENDER
[   283.090] Information: Initializing extension RECORD
[   283.087] Information: Initializing extension RANDR
[   283.092] Information: Initializing extension Present
[   283.079] Information: Initializing extension MIT-SHM
[   283.089] Information: Initializing extension MIT-SCREEN-SAVER
[   283.094] Information: Initializing extension GLX
[   283.078] Information: Initializing extension Generic Event Extension
[   283.092] Information: Initializing extension DRI3
[   283.111] Information: Initializing extension DRI2
[   283.091] Information: Initializing extension DPMS
[   283.090] Information: Initializing extension DOUBLE-BUFFER
[   283.089] Information: Initializing extension DAMAGE
[   283.088] Information: Initializing extension COMPOSITE
[   283.083] Information: Initializing extension BIG-REQUESTS
[   283.111] Information: GLX: Initialized DRI2 GL provider for screen 0
[   282.566] Information: FBDEV: driver for framebuffer: fbdev
[   283.182] Information: event9  - Video Bus: is tagged by udev as: Keyboard
[   283.181] Information: event9  - Video Bus: is tagged by udev as: Keyboard
[   283.181] Information: event9  - Video Bus: device removed
[   283.182] Information: event9  - Video Bus: device is a keyboard
[   283.181] Information: event9  - Video Bus: device is a keyboard
[   283.178] Information: event8  - Video Bus: is tagged by udev as: Keyboard
[   283.177] Information: event8  - Video Bus: is tagged by udev as: Keyboard
[   283.177] Information: event8  - Video Bus: device removed
[   283.178] Information: event8  - Video Bus: device is a keyboard
[   283.177] Information: event8  - Video Bus: device is a keyboard
[   283.196] Information: event7  - ELAN2301:00 04F3:306B Touchpad: is tagged by udev as: Touchpad
[   283.193] Information: event7  - ELAN2301:00 04F3:306B Touchpad: is tagged by udev as: Touchpad
[   283.194] Information: event7  - ELAN2301:00 04F3:306B Touchpad: device removed
[   283.197] Information: event7  - ELAN2301:00 04F3:306B Touchpad: device is a touchpad
[   283.194] Information: event7  - ELAN2301:00 04F3:306B Touchpad: device is a touchpad
[   283.209] Information: event6  - HP Wireless hotkeys: is tagged by udev as: Keyboard
[   283.208] Information: event6  - HP Wireless hotkeys: is tagged by udev as: Keyboard
[   283.208] Information: event6  - HP Wireless hotkeys: device removed
[   283.209] Information: event6  - HP Wireless hotkeys: device is a keyboard
[   283.208] Information: event6  - HP Wireless hotkeys: device is a keyboard
[   283.190] Information: event5  - XiaoMi USB 2.0 Webcam: XiaoMi U: is tagged by udev as: Keyboard
[   283.188] Information: event5  - XiaoMi USB 2.0 Webcam: XiaoMi U: is tagged by udev as: Keyboard
[   283.188] Information: event5  - XiaoMi USB 2.0 Webcam: XiaoMi U: device removed
[   283.190] Information: event5  - XiaoMi USB 2.0 Webcam: XiaoMi U: device is a keyboard
[   283.188] Information: event5  - XiaoMi USB 2.0 Webcam: XiaoMi U: device is a keyboard
[   283.212] Information: event4  - Dell AIO WMI hotkeys: is tagged by udev as: Keyboard
[   283.211] Information: event4  - Dell AIO WMI hotkeys: is tagged by udev as: Keyboard
[   283.211] Information: event4  - Dell AIO WMI hotkeys: device removed
[   283.212] Information: event4  - Dell AIO WMI hotkeys: device is a keyboard
[   283.211] Information: event4  - Dell AIO WMI hotkeys: device is a keyboard
[   283.205] Information: event3  - AT Translated Set 2 keyboard: is tagged by udev as: Keyboard
[   283.203] Information: event3  - AT Translated Set 2 keyboard: is tagged by udev as: Keyboard
[   283.204] Information: event3  - AT Translated Set 2 keyboard: device removed
[   283.205] Information: event3  - AT Translated Set 2 keyboard: device is a keyboard
[   283.203] Information: event3  - AT Translated Set 2 keyboard: device is a keyboard
[   283.175] Information: event2  - Power Button: is tagged by udev as: Keyboard
[   283.156] Information: event2  - Power Button: is tagged by udev as: Keyboard
[   283.156] Information: event2  - Power Button: device removed
[   283.175] Information: event2  - Power Button: device is a keyboard
[   283.156] Information: event2  - Power Button: device is a keyboard
[   283.185] Information: event1  - Sleep Button: is tagged by udev as: Keyboard
[   283.184] Information: event1  - Sleep Button: is tagged by udev as: Keyboard
[   283.184] Information: event1  - Sleep Button: device removed
[   283.185] Information: event1  - Sleep Button: device is a keyboard
[   283.184] Information: event1  - Sleep Button: device is a keyboard
[   283.186] Information: config/udev: Adding input device XiaoMi USB 2.0 Webcam: XiaoMi U (/dev/input/event5)
[   283.179] Information: config/udev: Adding input device Video Bus (/dev/input/event9)
[   283.176] Information: config/udev: Adding input device Video Bus (/dev/input/event8)
[   283.183] Information: config/udev: Adding input device Sleep Button (/dev/input/event1)
[   283.151] Information: config/udev: Adding input device Power Button (/dev/input/event2)
[   283.182] Information: config/udev: Adding input device Lid Switch (/dev/input/event0)
[   283.207] Information: config/udev: Adding input device HP Wireless hotkeys (/dev/input/event6)
[   283.199] Information: config/udev: Adding input device HDA Intel PCH Headphone (/dev/input/event10)
[   283.201] Information: config/udev: Adding input device HDA Intel PCH HDMI/DP,pcm=9 (/dev/input/event14)
[   283.200] Information: config/udev: Adding input device HDA Intel PCH HDMI/DP,pcm=8 (/dev/input/event13)
[   283.200] Information: config/udev: Adding input device HDA Intel PCH HDMI/DP,pcm=7 (/dev/input/event12)
[   283.200] Information: config/udev: Adding input device HDA Intel PCH HDMI/DP,pcm=3 (/dev/input/event11)
[   283.201] Information: config/udev: Adding input device HDA Intel PCH HDMI/DP,pcm=10 (/dev/input/event15)
[   283.198] Information: config/udev: Adding input device ELAN2301:00 04F3:306B Touchpad (/dev/input/mouse0)
[   283.190] Information: config/udev: Adding input device ELAN2301:00 04F3:306B Touchpad (/dev/input/event7)
[   283.210] Information: config/udev: Adding input device Dell AIO WMI hotkeys (/dev/input/event4)
[   283.201] Information: config/udev: Adding input device AT Translated Set 2 keyboard (/dev/input/event3)
[   283.198] Information: config/udev: Adding drm device (/dev/dri/card1)
[   283.111] Information: AIGLX: Loaded and initialized i965
